<?xml version="1.0" encoding="UTF-8"?>
<!-- Generated by org.testng.reporters.JUnitReportReporter -->
<testsuite skipped="0" hostname="SCS-R37" name="src_test.Sample_Test" tests="1" failures="0" timestamp="15 Aug 2020 17:32:01 GMT" time="0.010" errors="0">
  <testcase name="m1" time="0.010" classname="src_test.Sample_Test"/>
</testsuite> <!-- src_test.Sample_Test -->
